Running: /opt/Xilinx/14.7/ISE_DS/ISE/bin/lin64/unwrapped/fuse -intstyle ise -incremental -lib secureip -o /home/ise/PSI/Test_ALU_isim_beh.exe -prj /home/ise/PSI/Test_ALU_beh.prj work.Test_ALU 
ISim P.20131013 (signature 0xfbc00daa)
Number of CPUs detected in this system: 1
Turning on mult-threading, number of parallel sub-compilation jobs: 0 
Determining compilation order of HDL files
Parsing VHDL file "/home/ise/PSI/UAL.vhd" into library work
Parsing VHDL file "/home/ise/PSI/Test_ALU.vhd" into library work
Starting static elaboration
Completed static elaboration
Fuse Memory Usage: 98380 KB
Fuse CPU Usage: 970 ms
Compiling package standard
Compiling package std_logic_1164
Compiling package std_logic_arith
Compiling package std_logic_unsigned
Compiling package numeric_std
Compiling architecture behavioral of entity ALU [alu_default]
Compiling architecture behavior of entity test_alu
Time Resolution for simulation is 1ps.
Compiled 8 VHDL Units
Built simulation executable /home/ise/PSI/Test_ALU_isim_beh.exe
Fuse Memory Usage: 117192 KB
Fuse CPU Usage: 1170 ms
GCC CPU Usage: 140 ms
